2017-02-23 15:55:02,605 INFO Launched app
2017-02-23 15:56:10,250 INFO Launched app
2017-02-23 16:01:47,511 INFO Launched app
2017-02-23 16:02:19,812 INFO Launched app
2017-02-23 16:02:36,535 INFO Launched app
2017-02-23 16:03:04,021 INFO Launched app
2017-02-23 16:06:28,436 INFO Launched app
2017-02-23 16:09:04,887 INFO Launched app
2017-02-23 16:37:34,808 INFO Launched app
2017-02-23 16:38:31,833 INFO Launched app
2017-02-23 16:43:33,078 INFO Launched app
2017-02-23 16:45:19,143 INFO Launched app
2017-02-23 16:46:21,745 INFO Launched app
2017-02-23 16:50:08,331 INFO Launched app
2017-02-27 16:22:23,309 INFO Launched app
2017-02-27 16:24:23,138 INFO Launched app
2017-02-27 16:24:50,969 INFO Launched app
2017-02-27 16:26:15,308 INFO Launched app
2017-02-27 16:26:19,648 INFO Opening port: /dev/cu.usbserial-FTWDNHAN
2017-02-27 16:26:19,648 INFO Opening port: /dev/cu.usbserial-FTWDNHAN
2017-02-27 16:26:21,151 INFO Testing read on port: /dev/cu.usbserial-FTWDNHAN
2017-02-27 16:26:21,151 INFO Testing read on port: /dev/cu.usbserial-FTWDNHAN
2017-02-27 16:26:21,151 INFO Test read on port was successful
2017-02-27 16:26:21,151 INFO Test read on port was successful
2017-02-27 16:27:49,510 INFO Opening port: /dev/cu.usbserial-FTWDNHAN
2017-02-27 16:27:49,510 INFO Opening port: /dev/cu.usbserial-FTWDNHAN
2017-02-27 16:27:49,510 INFO Testing read on port: /dev/cu.usbserial-FTWDNHAN
2017-02-27 16:27:49,510 INFO Testing read on port: /dev/cu.usbserial-FTWDNHAN
2017-02-27 16:27:49,511 INFO Test read on port was successful
2017-02-27 16:27:49,511 INFO Test read on port was successful
2017-02-27 16:27:54,843 INFO Opening port: /dev/cu.usbserial-FTWDNHAN
2017-02-27 16:27:54,843 INFO Opening port: /dev/cu.usbserial-FTWDNHAN
2017-02-27 16:27:54,844 INFO Testing read on port: /dev/cu.usbserial-FTWDNHAN
2017-02-27 16:27:54,844 INFO Testing read on port: /dev/cu.usbserial-FTWDNHAN
2017-02-27 16:27:54,844 INFO Test read on port was successful
2017-02-27 16:27:54,844 INFO Test read on port was successful
2017-02-27 16:27:56,910 INFO Opening port: /dev/cu.usbserial-FTWDNHAN
2017-02-27 16:27:56,910 INFO Opening port: /dev/cu.usbserial-FTWDNHAN
2017-02-27 16:27:56,910 INFO Testing read on port: /dev/cu.usbserial-FTWDNHAN
2017-02-27 16:27:56,910 INFO Testing read on port: /dev/cu.usbserial-FTWDNHAN
2017-02-27 16:27:56,910 INFO Test read on port was successful
2017-02-27 16:27:56,910 INFO Test read on port was successful
2017-02-27 16:27:58,201 INFO Opening port: /dev/cu.usbserial-FTWDNHAN
2017-02-27 16:27:58,201 INFO Opening port: /dev/cu.usbserial-FTWDNHAN
2017-02-27 16:27:58,202 INFO Testing read on port: /dev/cu.usbserial-FTWDNHAN
2017-02-27 16:27:58,202 INFO Testing read on port: /dev/cu.usbserial-FTWDNHAN
2017-02-27 16:27:58,202 INFO Test read on port was successful
2017-02-27 16:27:58,202 INFO Test read on port was successful
2017-02-27 16:30:46,548 INFO Launched app
2017-02-27 16:33:36,327 INFO Launched app
2017-02-27 16:34:56,924 INFO Launched app
2017-02-27 16:35:01,791 INFO Attempting to disconnect from serial port
2017-02-27 16:35:01,791 INFO Attempting to disconnect from serial port
2017-02-27 16:35:20,342 INFO Attempting to disconnect from serial port
2017-02-27 16:35:20,342 INFO Attempting to disconnect from serial port
2017-02-27 16:35:58,675 INFO Attempting to disconnect from serial port
2017-02-27 16:35:58,675 INFO Attempting to disconnect from serial port
2017-02-27 16:36:02,187 INFO Attempting to disconnect from serial port
2017-02-27 16:36:02,187 INFO Attempting to disconnect from serial port
2017-02-27 16:36:07,042 INFO Attempting to disconnect from serial port
2017-02-27 16:36:07,042 INFO Attempting to disconnect from serial port
2017-02-27 16:36:12,513 INFO Launched app
2017-02-27 16:36:20,918 INFO Attempting to disconnect from serial port
2017-02-27 16:36:20,918 INFO Attempting to disconnect from serial port
2017-02-27 16:36:53,437 INFO Launched app
2017-02-27 16:36:59,217 INFO Attempting to disconnect from serial port
2017-02-27 16:36:59,217 INFO Attempting to disconnect from serial port
2017-02-27 16:38:58,081 INFO Launched app
2017-02-27 16:39:02,470 INFO Attempting to disconnect from serial port
2017-02-27 16:39:02,470 INFO Attempting to disconnect from serial port
2017-02-27 16:39:18,356 INFO Launched app
2017-02-27 16:39:22,105 INFO Attempting to disconnect from serial port
2017-02-27 16:39:22,105 INFO Attempting to disconnect from serial port
2017-02-27 16:39:27,699 INFO Attempting to disconnect from serial port
2017-02-27 16:39:27,699 INFO Attempting to disconnect from serial port
2017-02-27 16:39:30,856 INFO Attempting to disconnect from serial port
2017-02-27 16:39:30,856 INFO Attempting to disconnect from serial port
2017-02-27 16:39:31,986 INFO Attempting to disconnect from serial port
2017-02-27 16:39:31,986 INFO Attempting to disconnect from serial port
2017-02-27 16:39:50,675 INFO Launched app
2017-02-27 16:39:55,472 INFO Attempting to disconnect from serial port
2017-02-27 16:39:55,472 INFO Attempting to disconnect from serial port
2017-02-27 16:39:57,155 INFO Attempting to disconnect from serial port
2017-02-27 16:39:57,155 INFO Attempting to disconnect from serial port
2017-02-27 16:39:59,740 INFO Attempting to disconnect from serial port
2017-02-27 16:39:59,740 INFO Attempting to disconnect from serial port
2017-02-27 16:40:01,213 INFO Attempting to disconnect from serial port
2017-02-27 16:40:01,213 INFO Attempting to disconnect from serial port
2017-02-27 16:40:37,029 INFO Launched app
2017-02-27 16:40:40,656 INFO Attempting to disconnect from serial port
2017-02-27 16:40:40,656 INFO Attempting to disconnect from serial port
2017-02-27 16:40:44,400 INFO Attempting to disconnect from serial port
2017-02-27 16:40:44,400 INFO Attempting to disconnect from serial port
2017-02-27 16:40:45,474 INFO Attempting to disconnect from serial port
2017-02-27 16:40:45,474 INFO Attempting to disconnect from serial port
2017-02-27 16:40:56,188 INFO Launched app
2017-02-27 16:40:59,653 INFO Attempting to disconnect from serial port
2017-02-27 16:40:59,653 INFO Attempting to disconnect from serial port
2017-02-27 16:41:02,314 INFO Attempting to disconnect from serial port
2017-02-27 16:41:02,314 INFO Attempting to disconnect from serial port
2017-02-27 16:41:04,542 INFO Attempting to disconnect from serial port
2017-02-27 16:41:04,542 INFO Attempting to disconnect from serial port
2017-02-27 16:41:05,115 INFO Attempting to disconnect from serial port
2017-02-27 16:41:05,115 INFO Attempting to disconnect from serial port
2017-02-27 16:43:52,995 INFO Launched app
2017-02-27 16:43:57,469 INFO Attempting to disconnect from serial port
2017-02-27 16:43:57,469 INFO Attempting to disconnect from serial port
2017-02-27 16:43:58,966 INFO Attempting to disconnect from serial port
2017-02-27 16:43:58,966 INFO Attempting to disconnect from serial port
2017-02-27 16:44:00,362 INFO Attempting to disconnect from serial port
2017-02-27 16:44:00,362 INFO Attempting to disconnect from serial port
2017-02-27 16:45:42,030 INFO Launched app
2017-02-27 16:45:45,809 INFO Attempting to connect to serial port
2017-02-27 16:45:45,809 INFO Attempting to connect to serial port
2017-02-27 16:45:45,810 INFO Opening port: /dev/cu.usbserial-FTWDNHAN
2017-02-27 16:45:45,810 INFO Opening port: /dev/cu.usbserial-FTWDNHAN
2017-02-27 16:45:47,310 INFO Testing read on port: /dev/cu.usbserial-FTWDNHAN
2017-02-27 16:45:47,310 INFO Testing read on port: /dev/cu.usbserial-FTWDNHAN
2017-02-27 16:45:47,311 INFO Test read on port was successful
2017-02-27 16:45:47,311 INFO Test read on port was successful
2017-02-27 16:45:53,175 INFO Attempting to disconnect from serial port
2017-02-27 16:45:53,175 INFO Attempting to disconnect from serial port
2017-02-27 16:45:55,518 INFO Attempting to disconnect from serial port
2017-02-27 16:45:55,518 INFO Attempting to disconnect from serial port
2017-02-27 16:45:58,288 INFO Attempting to disconnect from serial port
2017-02-27 16:45:58,288 INFO Attempting to disconnect from serial port
2017-02-27 16:45:59,418 INFO Attempting to disconnect from serial port
2017-02-27 16:45:59,418 INFO Attempting to disconnect from serial port
2017-02-27 16:46:00,552 INFO Attempting to disconnect from serial port
2017-02-27 16:46:00,552 INFO Attempting to disconnect from serial port
2017-02-27 16:46:01,174 INFO Attempting to disconnect from serial port
2017-02-27 16:46:01,174 INFO Attempting to disconnect from serial port
2017-02-27 16:46:01,812 INFO Attempting to disconnect from serial port
2017-02-27 16:46:01,812 INFO Attempting to disconnect from serial port
2017-02-27 16:46:51,969 INFO Launched app
2017-02-27 16:46:55,775 INFO Attempting to connect to serial port
2017-02-27 16:46:55,775 INFO Attempting to connect to serial port
2017-02-27 16:46:55,776 INFO Opening port: /dev/cu.usbserial-FTWDNHAN
2017-02-27 16:46:55,776 INFO Opening port: /dev/cu.usbserial-FTWDNHAN
2017-02-27 16:46:57,277 INFO Testing read on port: /dev/cu.usbserial-FTWDNHAN
2017-02-27 16:46:57,277 INFO Testing read on port: /dev/cu.usbserial-FTWDNHAN
2017-02-27 16:46:57,278 INFO Test read on port was successful
2017-02-27 16:46:57,278 INFO Test read on port was successful
2017-02-27 16:47:33,485 INFO Attempting to disconnect from serial port
2017-02-27 16:47:33,485 INFO Attempting to disconnect from serial port
2017-02-27 16:48:09,493 INFO Launched app
2017-02-27 16:48:13,266 INFO Attempting to connect to serial port
2017-02-27 16:48:13,266 INFO Attempting to connect to serial port
2017-02-27 16:48:13,266 INFO Opening port: /dev/cu.usbserial-FTWDNHAN
2017-02-27 16:48:13,266 INFO Opening port: /dev/cu.usbserial-FTWDNHAN
2017-02-27 16:48:14,768 INFO Testing read on port: /dev/cu.usbserial-FTWDNHAN
2017-02-27 16:48:14,768 INFO Testing read on port: /dev/cu.usbserial-FTWDNHAN
2017-02-27 16:48:14,768 INFO Test read on port was successful
2017-02-27 16:48:14,768 INFO Test read on port was successful
2017-02-27 16:48:16,805 INFO Attempting to disconnect from serial port
2017-02-27 16:48:16,805 INFO Attempting to disconnect from serial port
2017-02-27 16:48:19,186 INFO Attempting to connect to serial port
2017-02-27 16:48:19,186 INFO Attempting to connect to serial port
2017-02-27 16:48:19,186 INFO Opening port: /dev/cu.usbserial-FTWDNHAN
2017-02-27 16:48:19,186 INFO Opening port: /dev/cu.usbserial-FTWDNHAN
2017-02-27 16:48:19,186 INFO Testing read on port: /dev/cu.usbserial-FTWDNHAN
2017-02-27 16:48:19,186 INFO Testing read on port: /dev/cu.usbserial-FTWDNHAN
2017-02-27 16:48:19,187 INFO Test read on port was successful
2017-02-27 16:48:19,187 INFO Test read on port was successful
2017-02-27 16:48:21,042 INFO Attempting to disconnect from serial port
2017-02-27 16:48:21,042 INFO Attempting to disconnect from serial port
2017-02-27 16:48:22,266 INFO Attempting to connect to serial port
2017-02-27 16:48:22,266 INFO Attempting to connect to serial port
2017-02-27 16:48:22,266 INFO Opening port: /dev/cu.usbserial-FTWDNHAN
2017-02-27 16:48:22,266 INFO Opening port: /dev/cu.usbserial-FTWDNHAN
2017-02-27 16:48:22,266 INFO Testing read on port: /dev/cu.usbserial-FTWDNHAN
2017-02-27 16:48:22,266 INFO Testing read on port: /dev/cu.usbserial-FTWDNHAN
2017-02-27 16:48:22,267 INFO Test read on port was successful
2017-02-27 16:48:22,267 INFO Test read on port was successful
2017-02-27 16:48:25,310 INFO Attempting to disconnect from serial port
2017-02-27 16:48:25,310 INFO Attempting to disconnect from serial port
2017-02-27 16:52:09,150 INFO Launched app
2017-02-27 16:52:14,416 INFO Attempting to connect to serial port
2017-02-27 16:52:14,416 INFO Attempting to connect to serial port
2017-02-27 16:52:14,416 INFO Opening port: /dev/cu.usbserial-FTWDNHAN
2017-02-27 16:52:14,416 INFO Opening port: /dev/cu.usbserial-FTWDNHAN
2017-02-27 16:52:15,918 INFO Testing read on port: /dev/cu.usbserial-FTWDNHAN
2017-02-27 16:52:15,918 INFO Testing read on port: /dev/cu.usbserial-FTWDNHAN
2017-02-27 16:52:15,918 INFO Test read on port was successful
2017-02-27 16:52:15,918 INFO Test read on port was successful
2017-02-27 16:52:18,818 INFO Attempting to disconnect from serial port
2017-02-27 16:52:18,818 INFO Attempting to disconnect from serial port
2017-02-27 16:52:18,819 INFO Closing ground station link
2017-02-27 16:52:18,819 INFO Closing ground station link
2017-02-27 16:52:25,970 INFO Attempting to connect to serial port
2017-02-27 16:52:25,970 INFO Attempting to connect to serial port
2017-02-27 16:52:25,971 INFO Opening port: /dev/cu.usbserial-FTWDNHAN
2017-02-27 16:52:25,971 INFO Opening port: /dev/cu.usbserial-FTWDNHAN
2017-02-27 16:52:25,971 INFO Testing read on port: /dev/cu.usbserial-FTWDNHAN
2017-02-27 16:52:25,971 INFO Testing read on port: /dev/cu.usbserial-FTWDNHAN
2017-02-27 16:52:25,971 INFO Test read on port was successful
2017-02-27 16:52:25,971 INFO Test read on port was successful
2017-02-27 16:52:28,110 INFO Attempting to disconnect from serial port
2017-02-27 16:52:28,110 INFO Attempting to disconnect from serial port
2017-02-27 16:52:28,110 INFO Closing ground station link
2017-02-27 16:52:28,110 INFO Closing ground station link
